2024-02-21 13:42:24 - Neovide panicked with the message 'Failed to create winit event loop: Os(OsError { line: 776, file: "/home/main-builder/.cargo/registry/src/index.crates.io-6f17d22bba15001f/winit-0.29.10/src/platform_impl/linux/mod.rs", error: Misc("neither WAYLAND_DISPLAY nor DISPLAY is set.") })'. (File: src/window/mod.rs; Line: 133, Column: 10)
   0: <unknown>
   1: <unknown>
   2: <unknown>
   3: <unknown>
   4: <unknown>
   5: <unknown>
   6: <unknown>
   7: <unknown>
   8: <unknown>
   9: <unknown>
  10: <unknown>
  11: __libc_start_main
  12: <unknown>

2024-04-04 11:28:20 - Neovide panicked with the message 'Can't write to "/home/l0lk3k/.local/share/neovide/neovide-settings.json"'. (File: src/settings/window_size.rs; Line: 105, Column: 29)
   0: neovide::main::{{closure}}
   1: std::panicking::rust_panic_with_hook
   2: std::panicking::begin_panic_handler::{{closure}}
   3: std::sys_common::backtrace::__rust_end_short_backtrace
   4: rust_begin_unwind
   5: core::panicking::panic_fmt
   6: core::ops::function::impls::<impl core::ops::function::FnMut<A> for &mut F>::call_mut
   7: winit::platform_impl::platform::wayland::event_loop::EventLoop<T>::pump_events
   8: neovide::window::main_loop
   9: neovide::main
  10: std::sys_common::backtrace::__rust_begin_short_backtrace
  11: main
  12: __libc_start_call_main
  13: __libc_start_main@@GLIBC_2.34
  14: _start

